<?xml version="1.0" encoding="UTF-8"?>
<!-- Generated by org.testng.reporters.JUnitReportReporter -->
<testsuite hostname="prashantb" failures="0" tests="5" name="test.Classes.pmTestCases" time="26.746" errors="0" timestamp="2022-06-18T10:24:10 IST" skipped="4">
  <testcase classname="test.Classes.pmTestCases" name="Click" time="26.746"/>
  <system-out/>
  <testcase classname="test.Classes.pmTestCases" name="CheckIssues">
    <skipped/>
  </testcase> <!-- CheckIssues -->
  <system-out/>
  <testcase classname="test.Classes.pmTestCases" name="EraProject">
    <skipped/>
  </testcase> <!-- EraProject -->
  <system-out/>
  <testcase classname="test.Classes.pmTestCases" name="loginTest">
    <skipped/>
  </testcase> <!-- loginTest -->
  <system-out/>
  <testcase classname="test.Classes.pmTestCases" name="PrashantB">
    <skipped/>
  </testcase> <!-- PrashantB -->
  <system-out/>
</testsuite> <!-- test.Classes.pmTestCases -->
